
			INSERT INTO `fw_users` SET
			`login` = 'Jenya',`email` = 'jenyamelnik1986@i.ua',`password` = '$2y$10$GwujSJd0q/kLqnYsSFw7rOYiw0TcuEPQCXMNMGmi93M/kFoHhWUjy',`active` = 'active',
			`access` = 1
	
			
		
--Field 'date' doesn't have a default value
--file: /var/www/html/modules/admin/users/change.php
--line: 73
--date: 2022-04-18 14:45:30
===================================


			INSERT INTO `fw_users` SET
			`login` = 'Jenya',`email` = 'jenyamelnik1986@i.ua',`password` = '$2y$10$VLdqts72a358Ry/gseLZ8.PzCfNZVhP7kIQq6lp/jS3ahHxXqnPNi',`active` = 'active',
			`access` = 1
	
			
		
--Field 'date' doesn't have a default value
--file: /var/www/html/modules/admin/users/change.php
--line: 73
--date: 2022-04-18 14:46:29
===================================


			INSERT INTO `fw_users` SET
			`login` = 'Jenya',
			`password` = '$2y$10$D1AFDvZ/QkUbMkuhRJrzKeVxPkWoZxCTWec/3HU6tl2GEBxISGqPi',
			`email` = 'jenyamelnik1986@i.ua'
		
--Field 'date' doesn't have a default value
--file: /var/www/html/vendor/schoolphp/library/User/Registration.php
--line: 118
--date: 2022-04-22 10:56:31
===================================


			INSERT INTO `fw_users` SET
			`login` = 'Jenya',
			`password` = '$2y$10$F3Z4SjoBYyep4KSBSXPhTOb2afnJTzC3TB75PJhn2KdzjaNMSV5t.',
			`email` = 'jenyamelnik1986@i.ua'
		
--Field 'about' doesn't have a default value
--file: /var/www/html/vendor/schoolphp/library/User/Registration.php
--line: 118
--date: 2022-04-22 10:58:30
===================================


			INSERT INTO `fw_users` SET
			`login` = 'Jenya',
			`password` = '$2y$10$TB60/k1E0tJPYwzlzzSh.uZtUbSvjtsnn9h5tFh6AsS/BuPMRAP7i',
			`email` = 'jenyamelnik1986@i.ua'
		
--Field 'about' doesn't have a default value
--file: /var/www/html/vendor/schoolphp/library/User/Registration.php
--line: 118
--date: 2022-04-22 11:02:22
===================================


                SELECT `access`, `actice` FROM fw_users
                WHERE `id` = 3
--Unknown column 'actice' in 'field list'
--file: /var/www/html/vendor/schoolphp/library/User/User.php
--line: 90
--date: 2022-05-12 13:45:52
===================================


        INSERT INTO `fw_monitor_admin` SET
        `url` =  https://fw.loc/admin,
        `conversion_method` = GET
--You have an error in your SQL syntax; check the manual that corresponds to your MySQL server version for the right syntax to use near '://fw.loc/admin,
        `conversion_method` = GET' at line 2
--file: /var/www/html/modules/_allmodules.php
--line: 91
--date: 2022-05-18 13:23:42
===================================


        INSERT INTO `fw_monitor_admin` SET
        `url` =  https://fw.loc/admin,
        `conversion_method` = GET
--You have an error in your SQL syntax; check the manual that corresponds to your MySQL server version for the right syntax to use near '://fw.loc/admin,
        `conversion_method` = GET' at line 2
--file: /var/www/html/modules/_allmodules.php
--line: 91
--date: 2022-05-18 13:23:43
===================================


        INSERT INTO `fw_monitor_admin` SET
        `url` =  https://fw.loc/admin,
        `conversion_method` = GET
--You have an error in your SQL syntax; check the manual that corresponds to your MySQL server version for the right syntax to use near '://fw.loc/admin,
        `conversion_method` = GET' at line 2
--file: /var/www/html/modules/_allmodules.php
--line: 91
--date: 2022-05-18 13:25:00
===================================

